[Fri Jul  7 19:33:36.361 2017] 0.004 sec [any/0/rel 0 (0,20)] [*] 2
[Fri Jul  7 19:34:08.247 2017] 0.000 sec [any/0/rel 0 (0,20)] [*] 2
[Fri Jul  7 19:34:09.406 2017] 0.000 sec [any/0/rel 0 (0,20)] [*] 2
[Fri Jul  7 19:34:38.790 2017] 0.001 sec [any/0/rel 0 (0,20)] [*] 2
[Fri Jul  7 19:34:41.787 2017] 0.001 sec [any/0/rel 0 (0,20)] [*] 2
[Fri Jul  7 19:34:42.466 2017] 0.001 sec [any/0/rel 0 (0,20)] [*] 2
[Fri Jul  7 19:34:42.944 2017] 0.001 sec [any/0/rel 0 (0,20)] [*] 2
[Fri Jul  7 19:34:43.144 2017] 0.001 sec [any/0/rel 0 (0,20)] [*] 2
[Fri Jul  7 19:34:43.341 2017] 0.001 sec [any/0/rel 0 (0,20)] [*] 2
[Fri Jul  7 19:34:43.507 2017] 0.001 sec [any/0/rel 0 (0,20)] [*] 2
[Fri Jul  7 19:34:43.673 2017] 0.001 sec [any/0/rel 0 (0,20)] [*] 2
[Fri Jul  7 19:34:44.022 2017] 0.001 sec [any/0/rel 0 (0,20)] [*] 2
[Fri Jul  7 19:34:44.201 2017] 0.001 sec [any/0/rel 0 (0,20)] [*] 2
[Fri Jul  7 19:34:44.401 2017] 0.001 sec [any/0/rel 0 (0,20)] [*] 2
[Fri Jul  7 19:35:04.958 2017] 0.002 sec [any/0/rel 0 (0,20)] [*] 2
[Fri Jul  7 19:35:05.850 2017] 0.001 sec [any/0/rel 0 (0,20)] [*] 2
[Fri Jul  7 19:35:06.254 2017] 0.001 sec [any/0/rel 0 (0,20)] [*] 2
[Fri Jul  7 19:35:06.439 2017] 0.001 sec [any/0/rel 0 (0,20)] [*] 2
[Fri Jul  7 19:35:06.608 2017] 0.001 sec [any/0/rel 0 (0,20)] [*] 2
[Fri Jul  7 19:35:06.771 2017] 0.000 sec [any/0/rel 0 (0,20)] [*] 2
[Fri Jul  7 19:35:37.273 2017] 0.001 sec [any/0/rel 0 (0,20)] [*] 2
[Fri Jul  7 19:35:37.970 2017] 0.001 sec [any/0/rel 0 (0,20)] [*] 2
[Fri Jul  7 19:35:38.569 2017] 0.001 sec [any/0/rel 0 (0,20)] [*] 2
[Fri Jul  7 19:35:38.752 2017] 0.001 sec [any/0/rel 0 (0,20)] [*] 2
[Fri Jul  7 19:36:38.967 2017] 0.000 sec [any/0/rel 0 (0,20)] [*] 2
[Fri Jul  7 19:42:44.814 2017] 0.002 sec [any/0/rel 0 (0,20)] [*] 2
